<?xml version="1.0" encoding="UTF-8"?>
<testsuite xmlns:xsi="http://www.w3.org/2001/XMLSchema-instance"
           xsi:noNamespaceSchemaLocation="https://maven.apache.org/surefire/maven-surefire-plugin/xsd/surefire-test-report-3.0.xsd"
           version="3.0" name="TestSuite" time="13.875" tests="3" errors="0" skipped="0" failures="2">
    <properties>
        <property name="java.specification.version" value="13"/>
        <property name="sun.jnu.encoding" value="UTF-8"/>
        <property name="java.class.path"
                  value="/Users/nusrutjahan/Documents/NusrutWebAutomation/walmart/target/test-classes:/Users/nusrutjahan/Documents/NusrutWebAutomation/walmart/target/classes:/Users/nusrutjahan/Documents/NusrutWebAutomation/generic/target/classes:/Users/nusrutjahan/.m2/repository/mysql/mysql-connector-java/8.0.22/mysql-connector-java-8.0.22.jar:/Users/nusrutjahan/.m2/repository/com/google/protobuf/protobuf-java/3.11.4/protobuf-java-3.11.4.jar:/Users/nusrutjahan/.m2/repository/org/seleniumhq/selenium/selenium-java/3.141.59/selenium-java-3.141.59.jar:/Users/nusrutjahan/.m2/repository/org/seleniumhq/selenium/selenium-api/3.141.59/selenium-api-3.141.59.jar:/Users/nusrutjahan/.m2/repository/org/seleniumhq/selenium/selenium-chrome-driver/3.141.59/selenium-chrome-driver-3.141.59.jar:/Users/nusrutjahan/.m2/repository/org/seleniumhq/selenium/selenium-edge-driver/3.141.59/selenium-edge-driver-3.141.59.jar:/Users/nusrutjahan/.m2/repository/org/seleniumhq/selenium/selenium-firefox-driver/3.141.59/selenium-firefox-driver-3.141.59.jar:/Users/nusrutjahan/.m2/repository/org/seleniumhq/selenium/selenium-ie-driver/3.141.59/selenium-ie-driver-3.141.59.jar:/Users/nusrutjahan/.m2/repository/org/seleniumhq/selenium/selenium-opera-driver/3.141.59/selenium-opera-driver-3.141.59.jar:/Users/nusrutjahan/.m2/repository/org/seleniumhq/selenium/selenium-remote-driver/3.141.59/selenium-remote-driver-3.141.59.jar:/Users/nusrutjahan/.m2/repository/org/seleniumhq/selenium/selenium-safari-driver/3.141.59/selenium-safari-driver-3.141.59.jar:/Users/nusrutjahan/.m2/repository/org/seleniumhq/selenium/selenium-support/3.141.59/selenium-support-3.141.59.jar:/Users/nusrutjahan/.m2/repository/net/bytebuddy/byte-buddy/1.8.15/byte-buddy-1.8.15.jar:/Users/nusrutjahan/.m2/repository/org/apache/commons/commons-exec/1.3/commons-exec-1.3.jar:/Users/nusrutjahan/.m2/repository/com/google/guava/guava/25.0-jre/guava-25.0-jre.jar:/Users/nusrutjahan/.m2/repository/com/google/code/findbugs/jsr305/1.3.9/jsr305-1.3.9.jar:/Users/nusrutjahan/.m2/repository/org/checkerframework/checker-compat-qual/2.0.0/checker-compat-qual-2.0.0.jar:/Users/nusrutjahan/.m2/repository/com/google/errorprone/error_prone_annotations/2.1.3/error_prone_annotations-2.1.3.jar:/Users/nusrutjahan/.m2/repository/com/google/j2objc/j2objc-annotations/1.1/j2objc-annotations-1.1.jar:/Users/nusrutjahan/.m2/repository/org/codehaus/mojo/animal-sniffer-annotations/1.14/animal-sniffer-annotations-1.14.jar:/Users/nusrutjahan/.m2/repository/com/squareup/okhttp3/okhttp/3.11.0/okhttp-3.11.0.jar:/Users/nusrutjahan/.m2/repository/com/squareup/okio/okio/1.14.0/okio-1.14.0.jar:/Users/nusrutjahan/.m2/repository/org/testng/testng/7.3.0/testng-7.3.0.jar:/Users/nusrutjahan/.m2/repository/com/beust/jcommander/1.78/jcommander-1.78.jar:/Users/nusrutjahan/.m2/repository/org/apache/ant/ant/1.10.3/ant-1.10.3.jar:/Users/nusrutjahan/.m2/repository/org/apache/ant/ant-launcher/1.10.3/ant-launcher-1.10.3.jar:/Users/nusrutjahan/.m2/repository/junit/junit/4.12/junit-4.12.jar:/Users/nusrutjahan/.m2/repository/org/hamcrest/hamcrest-core/1.3/hamcrest-core-1.3.jar:/Users/nusrutjahan/.m2/repository/com/google/inject/guice/4.2.2/guice-4.2.2-no_aop.jar:/Users/nusrutjahan/.m2/repository/javax/inject/javax.inject/1/javax.inject-1.jar:/Users/nusrutjahan/.m2/repository/aopalliance/aopalliance/1.0/aopalliance-1.0.jar:/Users/nusrutjahan/.m2/repository/org/yaml/snakeyaml/1.21/snakeyaml-1.21.jar:/Users/nusrutjahan/.m2/repository/log4j/log4j/1.2.17/log4j-1.2.17.jar:/Users/nusrutjahan/.m2/repository/org/mongodb/mongodb-driver/3.4.0/mongodb-driver-3.4.0.jar:/Users/nusrutjahan/.m2/repository/org/mongodb/mongodb-driver-core/3.4.0/mongodb-driver-core-3.4.0.jar:/Users/nusrutjahan/.m2/repository/org/mongodb/bson/3.4.0/bson-3.4.0.jar:/Users/nusrutjahan/.m2/repository/com/aventstack/extentreports/3.1.5/extentreports-3.1.5.jar:/Users/nusrutjahan/.m2/repository/org/freemarker/freemarker/2.3.23/freemarker-2.3.23.jar:/Users/nusrutjahan/.m2/repository/org/apache/httpcomponents/httpclient/4.5.2/httpclient-4.5.2.jar:/Users/nusrutjahan/.m2/repository/org/apache/httpcomponents/httpcore/4.4.4/httpcore-4.4.4.jar:/Users/nusrutjahan/.m2/repository/commons-logging/commons-logging/1.2/commons-logging-1.2.jar:/Users/nusrutjahan/.m2/repository/org/apache/httpcomponents/httpmime/4.5.2/httpmime-4.5.2.jar:/Users/nusrutjahan/.m2/repository/org/jsoup/jsoup/1.9.2/jsoup-1.9.2.jar:/Users/nusrutjahan/.m2/repository/com/google/code/gson/gson/2.8.0/gson-2.8.0.jar:/Users/nusrutjahan/.m2/repository/com/relevantcodes/extentreports/2.41.2/extentreports-2.41.2.jar:/Users/nusrutjahan/.m2/repository/org/xerial/sqlite-jdbc/3.8.11.1/sqlite-jdbc-3.8.11.1.jar:/Users/nusrutjahan/.m2/repository/commons-io/commons-io/2.6/commons-io-2.6.jar:/Users/nusrutjahan/.m2/repository/org/apache/poi/poi/3.17/poi-3.17.jar:/Users/nusrutjahan/.m2/repository/commons-codec/commons-codec/1.10/commons-codec-1.10.jar:/Users/nusrutjahan/.m2/repository/org/apache/commons/commons-collections4/4.1/commons-collections4-4.1.jar:"/>
        <property name="java.vm.vendor" value="Oracle Corporation"/>
        <property name="sun.arch.data.model" value="64"/>
        <property name="java.vendor.url" value="https://java.oracle.com/"/>
        <property name="os.name" value="Mac OS X"/>
        <property name="java.vm.specification.version" value="13"/>
        <property name="sun.java.launcher" value="SUN_STANDARD"/>
        <property name="user.country" value="US"/>
        <property name="sun.boot.library.path"
                  value="/Library/Java/JavaVirtualMachines/jdk-13.0.2.jdk/Contents/Home/lib"/>
        <property name="sun.java.command"
                  value="/Users/nusrutjahan/Documents/NusrutWebAutomation/walmart/target/surefire/surefirebooter10348708004864188832.jar /Users/nusrutjahan/Documents/NusrutWebAutomation/walmart/target/surefire 2020-11-27T11-08-20_238-jvmRun1 surefire5854776376534973212tmp surefire_09632024666065399084tmp"/>
        <property name="http.nonProxyHosts" value="local|*.local|169.254/16|*.169.254/16"/>
        <property name="jdk.debug" value="release"/>
        <property name="surefire.test.class.path"
                  value="/Users/nusrutjahan/Documents/NusrutWebAutomation/walmart/target/test-classes:/Users/nusrutjahan/Documents/NusrutWebAutomation/walmart/target/classes:/Users/nusrutjahan/Documents/NusrutWebAutomation/generic/target/classes:/Users/nusrutjahan/.m2/repository/mysql/mysql-connector-java/8.0.22/mysql-connector-java-8.0.22.jar:/Users/nusrutjahan/.m2/repository/com/google/protobuf/protobuf-java/3.11.4/protobuf-java-3.11.4.jar:/Users/nusrutjahan/.m2/repository/org/seleniumhq/selenium/selenium-java/3.141.59/selenium-java-3.141.59.jar:/Users/nusrutjahan/.m2/repository/org/seleniumhq/selenium/selenium-api/3.141.59/selenium-api-3.141.59.jar:/Users/nusrutjahan/.m2/repository/org/seleniumhq/selenium/selenium-chrome-driver/3.141.59/selenium-chrome-driver-3.141.59.jar:/Users/nusrutjahan/.m2/repository/org/seleniumhq/selenium/selenium-edge-driver/3.141.59/selenium-edge-driver-3.141.59.jar:/Users/nusrutjahan/.m2/repository/org/seleniumhq/selenium/selenium-firefox-driver/3.141.59/selenium-firefox-driver-3.141.59.jar:/Users/nusrutjahan/.m2/repository/org/seleniumhq/selenium/selenium-ie-driver/3.141.59/selenium-ie-driver-3.141.59.jar:/Users/nusrutjahan/.m2/repository/org/seleniumhq/selenium/selenium-opera-driver/3.141.59/selenium-opera-driver-3.141.59.jar:/Users/nusrutjahan/.m2/repository/org/seleniumhq/selenium/selenium-remote-driver/3.141.59/selenium-remote-driver-3.141.59.jar:/Users/nusrutjahan/.m2/repository/org/seleniumhq/selenium/selenium-safari-driver/3.141.59/selenium-safari-driver-3.141.59.jar:/Users/nusrutjahan/.m2/repository/org/seleniumhq/selenium/selenium-support/3.141.59/selenium-support-3.141.59.jar:/Users/nusrutjahan/.m2/repository/net/bytebuddy/byte-buddy/1.8.15/byte-buddy-1.8.15.jar:/Users/nusrutjahan/.m2/repository/org/apache/commons/commons-exec/1.3/commons-exec-1.3.jar:/Users/nusrutjahan/.m2/repository/com/google/guava/guava/25.0-jre/guava-25.0-jre.jar:/Users/nusrutjahan/.m2/repository/com/google/code/findbugs/jsr305/1.3.9/jsr305-1.3.9.jar:/Users/nusrutjahan/.m2/repository/org/checkerframework/checker-compat-qual/2.0.0/checker-compat-qual-2.0.0.jar:/Users/nusrutjahan/.m2/repository/com/google/errorprone/error_prone_annotations/2.1.3/error_prone_annotations-2.1.3.jar:/Users/nusrutjahan/.m2/repository/com/google/j2objc/j2objc-annotations/1.1/j2objc-annotations-1.1.jar:/Users/nusrutjahan/.m2/repository/org/codehaus/mojo/animal-sniffer-annotations/1.14/animal-sniffer-annotations-1.14.jar:/Users/nusrutjahan/.m2/repository/com/squareup/okhttp3/okhttp/3.11.0/okhttp-3.11.0.jar:/Users/nusrutjahan/.m2/repository/com/squareup/okio/okio/1.14.0/okio-1.14.0.jar:/Users/nusrutjahan/.m2/repository/org/testng/testng/7.3.0/testng-7.3.0.jar:/Users/nusrutjahan/.m2/repository/com/beust/jcommander/1.78/jcommander-1.78.jar:/Users/nusrutjahan/.m2/repository/org/apache/ant/ant/1.10.3/ant-1.10.3.jar:/Users/nusrutjahan/.m2/repository/org/apache/ant/ant-launcher/1.10.3/ant-launcher-1.10.3.jar:/Users/nusrutjahan/.m2/repository/junit/junit/4.12/junit-4.12.jar:/Users/nusrutjahan/.m2/repository/org/hamcrest/hamcrest-core/1.3/hamcrest-core-1.3.jar:/Users/nusrutjahan/.m2/repository/com/google/inject/guice/4.2.2/guice-4.2.2-no_aop.jar:/Users/nusrutjahan/.m2/repository/javax/inject/javax.inject/1/javax.inject-1.jar:/Users/nusrutjahan/.m2/repository/aopalliance/aopalliance/1.0/aopalliance-1.0.jar:/Users/nusrutjahan/.m2/repository/org/yaml/snakeyaml/1.21/snakeyaml-1.21.jar:/Users/nusrutjahan/.m2/repository/log4j/log4j/1.2.17/log4j-1.2.17.jar:/Users/nusrutjahan/.m2/repository/org/mongodb/mongodb-driver/3.4.0/mongodb-driver-3.4.0.jar:/Users/nusrutjahan/.m2/repository/org/mongodb/mongodb-driver-core/3.4.0/mongodb-driver-core-3.4.0.jar:/Users/nusrutjahan/.m2/repository/org/mongodb/bson/3.4.0/bson-3.4.0.jar:/Users/nusrutjahan/.m2/repository/com/aventstack/extentreports/3.1.5/extentreports-3.1.5.jar:/Users/nusrutjahan/.m2/repository/org/freemarker/freemarker/2.3.23/freemarker-2.3.23.jar:/Users/nusrutjahan/.m2/repository/org/apache/httpcomponents/httpclient/4.5.2/httpclient-4.5.2.jar:/Users/nusrutjahan/.m2/repository/org/apache/httpcomponents/httpcore/4.4.4/httpcore-4.4.4.jar:/Users/nusrutjahan/.m2/repository/commons-logging/commons-logging/1.2/commons-logging-1.2.jar:/Users/nusrutjahan/.m2/repository/org/apache/httpcomponents/httpmime/4.5.2/httpmime-4.5.2.jar:/Users/nusrutjahan/.m2/repository/org/jsoup/jsoup/1.9.2/jsoup-1.9.2.jar:/Users/nusrutjahan/.m2/repository/com/google/code/gson/gson/2.8.0/gson-2.8.0.jar:/Users/nusrutjahan/.m2/repository/com/relevantcodes/extentreports/2.41.2/extentreports-2.41.2.jar:/Users/nusrutjahan/.m2/repository/org/xerial/sqlite-jdbc/3.8.11.1/sqlite-jdbc-3.8.11.1.jar:/Users/nusrutjahan/.m2/repository/commons-io/commons-io/2.6/commons-io-2.6.jar:/Users/nusrutjahan/.m2/repository/org/apache/poi/poi/3.17/poi-3.17.jar:/Users/nusrutjahan/.m2/repository/commons-codec/commons-codec/1.10/commons-codec-1.10.jar:/Users/nusrutjahan/.m2/repository/org/apache/commons/commons-collections4/4.1/commons-collections4-4.1.jar:"/>
        <property name="sun.cpu.endian" value="little"/>
        <property name="user.home" value="/Users/nusrutjahan"/>
        <property name="user.language" value="en"/>
        <property name="java.specification.vendor" value="Oracle Corporation"/>
        <property name="java.version.date" value="2020-01-14"/>
        <property name="java.home" value="/Library/Java/JavaVirtualMachines/jdk-13.0.2.jdk/Contents/Home"/>
        <property name="testng.dtd.http" value="true"/>
        <property name="file.separator" value="/"/>
        <property name="basedir" value="/Users/nusrutjahan/Documents/NusrutWebAutomation/walmart"/>
        <property name="java.vm.compressedOopsMode" value="Zero based"/>
        <property name="line.separator" value="&#10;"/>
        <property name="java.specification.name" value="Java Platform API Specification"/>
        <property name="java.vm.specification.vendor" value="Oracle Corporation"/>
        <property name="surefire.real.class.path"
                  value="/Users/nusrutjahan/Documents/NusrutWebAutomation/walmart/target/surefire/surefirebooter10348708004864188832.jar"/>
        <property name="sun.management.compiler" value="HotSpot 64-Bit Tiered Compilers"/>
        <property name="ftp.nonProxyHosts" value="local|*.local|169.254/16|*.169.254/16"/>
        <property name="java.runtime.version" value="13.0.2+8"/>
        <property name="user.name" value="nusrutjahan"/>
        <property name="path.separator" value=":"/>
        <property name="os.version" value="10.15.7"/>
        <property name="java.runtime.name" value="Java(TM) SE Runtime Environment"/>
        <property name="file.encoding" value="UTF-8"/>
        <property name="java.vm.name" value="Java HotSpot(TM) 64-Bit Server VM"/>
        <property name="localRepository" value="/Users/nusrutjahan/.m2/repository"/>
        <property name="java.vendor.url.bug" value="https://bugreport.java.com/bugreport/"/>
        <property name="java.io.tmpdir" value="/var/folders/l3/wmm7knkn25sfg6zcmlqq2jkh0000gn/T/"/>
        <property name="java.version" value="13.0.2"/>
        <property name="user.dir" value="/Users/nusrutjahan/Documents/NusrutWebAutomation/walmart"/>
        <property name="os.arch" value="x86_64"/>
        <property name="java.vm.specification.name" value="Java Virtual Machine Specification"/>
        <property name="java.library.path"
                  value="/Users/nusrutjahan/Library/Java/Extensions:/Library/Java/Extensions:/Network/Library/Java/Extensions:/System/Library/Java/Extensions:/usr/lib/java:."/>
        <property name="java.vm.info" value="mixed mode, sharing"/>
        <property name="java.vendor" value="Oracle Corporation"/>
        <property name="java.vm.version" value="13.0.2+8"/>
        <property name="sun.io.unicode.encoding" value="UnicodeBig"/>
        <property name="socksNonProxyHosts" value="local|*.local|169.254/16|*.169.254/16"/>
        <property name="java.class.version" value="57.0"/>
    </properties>
    <testcase name="validateUserTypingOnSearchBar" classname="com.walmarttest.HomePageValidations" time="6.795"/>
    <testcase name="cleanUp" classname="com.walmarttest.HomePageValidations" time="6.819">
        <failure
                message="Session ID is null. Using WebDriver after calling quit()?&#10;Build info: version: &apos;3.141.59&apos;, revision: &apos;e82be7d358&apos;, time: &apos;2018-11-14T08:17:03&apos;&#10;System info: host: &apos;Nusruts-MBP.fios-router.home&apos;, ip: &apos;fe80:0:0:0:1805:8d6b:c02c:a419%en0&apos;, os.name: &apos;Mac OS X&apos;, os.arch: &apos;x86_64&apos;, os.version: &apos;10.15.7&apos;, java.version: &apos;13.0.2&apos;&#10;Driver info: driver.version: RemoteWebDriver"
                type="org.openqa.selenium.NoSuchSessionException">org.openqa.selenium.NoSuchSessionException:
            Session ID is null. Using WebDriver after calling quit()?
            Build info: version: '3.141.59', revision: 'e82be7d358', time: '2018-11-14T08:17:03'
            System info: host: 'Nusruts-MBP.fios-router.home', ip: 'fe80:0:0:0:1805:8d6b:c02c:a419%en0', os.name: 'Mac
            OS X', os.arch: 'x86_64', os.version: '10.15.7', java.version: '13.0.2'
            Driver info: driver.version: RemoteWebDriver
        </failure>
    </testcase>
    <testcase name="generateReport" classname="com.walmarttest.HomePageValidations" time="6.848">
        <failure type="java.lang.NullPointerException">java.lang.NullPointerException
        </failure>
    </testcase>
</testsuite>